# JRE version: Java(TM) SE Runtime Environment (8.0_71-b15) (build 1.8.0_71-b15)
# Java VM: Java HotSpot(TM) 64-Bit Server VM (25.71-b15 mixed mode windows-amd64 compressed oops)
Heap:
 PSYoungGen      total 137216K, used 45507K [0x00000000eab00000, 0x00000000f3d00000, 0x0000000100000000)
  eden space 131072K, 30% used [0x00000000eab00000,0x00000000ed176bc0,0x00000000f2b00000)
  from space 6144K, 99% used [0x00000000f3300000,0x00000000f38fa160,0x00000000f3900000)
  to   space 8192K, 0% used [0x00000000f2b00000,0x00000000f2b00000,0x00000000f3300000)
 ParOldGen       total 87552K, used 2045K [0x00000000c0000000, 0x00000000c5580000, 0x00000000eab00000)
  object space 87552K, 2% used [0x00000000c0000000,0x00000000c01ff660,0x00000000c5580000)
 Metaspace       used 16259K, capacity 16468K, committed 16640K, reserved 1064960K
  class space    used 1475K, capacity 1534K, committed 1536K, reserved 1048576K
GC Heap History (10 events):
Event: 1.380 GC heap before
{Heap before GC invocations=2 (full 0):
 PSYoungGen      total 38400K, used 36056K [0x00000000eab00000, 0x00000000ed580000, 0x0000000100000000)
  eden space 33280K, 100% used [0x00000000eab00000,0x00000000ecb80000,0x00000000ecb80000)
  from space 5120K, 54% used [0x00000000ecb80000,0x00000000ece362a8,0x00000000ed080000)
  to   space 5120K, 0% used [0x00000000ed080000,0x00000000ed080000,0x00000000ed580000)
 ParOldGen       total 87552K, used 16K [0x00000000c0000000, 0x00000000c5580000, 0x00000000eab00000)
  object space 87552K, 0% used [0x00000000c0000000,0x00000000c0004000,0x00000000c5580000)
 Metaspace       used 10458K, capacity 10602K, committed 10624K, reserved 1058816K
  class space    used 1103K, capacity 1143K, committed 1152K, reserved 1048576K
Event: 1.385 GC heap after
Heap after GC invocations=2 (full 0):
 PSYoungGen      total 38400K, used 3391K [0x00000000eab00000, 0x00000000ed580000, 0x0000000100000000)
  eden space 33280K, 0% used [0x00000000eab00000,0x00000000eab00000,0x00000000ecb80000)
  from space 5120K, 66% used [0x00000000ed080000,0x00000000ed3cfec8,0x00000000ed580000)
  to   space 5120K, 0% used [0x00000000ecb80000,0x00000000ecb80000,0x00000000ed080000)
 ParOldGen       total 87552K, used 88K [0x00000000c0000000, 0x00000000c5580000, 0x00000000eab00000)
  object space 87552K, 0% used [0x00000000c0000000,0x00000000c0016010,0x00000000c5580000)
 Metaspace       used 10458K, capacity 10602K, committed 10624K, reserved 1058816K
  class space    used 1103K, capacity 1143K, committed 1152K, reserved 1048576K
}
Event: 1.621 GC heap before
{Heap before GC invocations=3 (full 0):
 PSYoungGen      total 38400K, used 36671K [0x00000000eab00000, 0x00000000ed580000, 0x0000000100000000)
  eden space 33280K, 100% used [0x00000000eab00000,0x00000000ecb80000,0x00000000ecb80000)
  from space 5120K, 66% used [0x00000000ed080000,0x00000000ed3cfec8,0x00000000ed580000)
  to   space 5120K, 0% used [0x00000000ecb80000,0x00000000ecb80000,0x00000000ed080000)
 ParOldGen       total 87552K, used 88K [0x00000000c0000000, 0x00000000c5580000, 0x00000000eab00000)
  object space 87552K, 0% used [0x00000000c0000000,0x00000000c0016010,0x00000000c5580000)
 Metaspace       used 11770K, capacity 11914K, committed 12032K, reserved 1060864K
  class space    used 1200K, capacity 1239K, committed 1280K, reserved 1048576K
Event: 1.627 GC heap after
Heap after GC invocations=3 (full 0):
 PSYoungGen      total 38400K, used 3209K [0x00000000eab00000, 0x00000000ef600000, 0x0000000100000000)
  eden space 33280K, 0% used [0x00000000eab00000,0x00000000eab00000,0x00000000ecb80000)
  from space 5120K, 62% used [0x00000000ecb80000,0x00000000ecea2460,0x00000000ed080000)
  to   space 5120K, 0% used [0x00000000ef100000,0x00000000ef100000,0x00000000ef600000)
 ParOldGen       total 87552K, used 96K [0x00000000c0000000, 0x00000000c5580000, 0x00000000eab00000)
  object space 87552K, 0% used [0x00000000c0000000,0x00000000c0018010,0x00000000c5580000)
 Metaspace       used 11770K, capacity 11914K, committed 12032K, reserved 1060864K
  class space    used 1200K, capacity 1239K, committed 1280K, reserved 1048576K
}
Event: 2.140 GC heap before
{Heap before GC invocations=4 (full 0):
 PSYoungGen      total 38400K, used 36489K [0x00000000eab00000, 0x00000000ef600000, 0x0000000100000000)
  eden space 33280K, 100% used [0x00000000eab00000,0x00000000ecb80000,0x00000000ecb80000)
  from space 5120K, 62% used [0x00000000ecb80000,0x00000000ecea2460,0x00000000ed080000)
  to   space 5120K, 0% used [0x00000000ef100000,0x00000000ef100000,0x00000000ef600000)
 ParOldGen       total 87552K, used 96K [0x00000000c0000000, 0x00000000c5580000, 0x00000000eab00000)
  object space 87552K, 0% used [0x00000000c0000000,0x00000000c0018010,0x00000000c5580000)
 Metaspace       used 13628K, capacity 13738K, committed 13952K, reserved 1062912K
  class space    used 1310K, capacity 1335K, committed 1408K, reserved 1048576K
Event: 2.151 GC heap after
Heap after GC invocations=4 (full 0):
 PSYoungGen      total 71680K, used 5099K [0x00000000eab00000, 0x00000000ef600000, 0x0000000100000000)
  eden space 66560K, 0% used [0x00000000eab00000,0x00000000eab00000,0x00000000eec00000)
  from space 5120K, 99% used [0x00000000ef100000,0x00000000ef5fadd8,0x00000000ef600000)
  to   space 5120K, 0% used [0x00000000eec00000,0x00000000eec00000,0x00000000ef100000)
 ParOldGen       total 87552K, used 112K [0x00000000c0000000, 0x00000000c5580000, 0x00000000eab00000)
  object space 87552K, 0% used [0x00000000c0000000,0x00000000c001c010,0x00000000c5580000)
 Metaspace       used 13628K, capacity 13738K, committed 13952K, reserved 1062912K
  class space    used 1310K, capacity 1335K, committed 1408K, reserved 1048576K
}
Event: 2.802 GC heap before
{Heap before GC invocations=5 (full 0):
 PSYoungGen      total 71680K, used 71659K [0x00000000eab00000, 0x00000000ef600000, 0x0000000100000000)
  eden space 66560K, 100% used [0x00000000eab00000,0x00000000eec00000,0x00000000eec00000)
  from space 5120K, 99% used [0x00000000ef100000,0x00000000ef5fadd8,0x00000000ef600000)
  to   space 5120K, 0% used [0x00000000eec00000,0x00000000eec00000,0x00000000ef100000)
 ParOldGen       total 87552K, used 112K [0x00000000c0000000, 0x00000000c5580000, 0x00000000eab00000)
  object space 87552K, 0% used [0x00000000c0000000,0x00000000c001c010,0x00000000c5580000)
 Metaspace       used 15109K, capacity 15286K, committed 15616K, reserved 1062912K
  class space    used 1417K, capacity 1465K, committed 1536K, reserved 1048576K
Event: 2.814 GC heap after
Heap after GC invocations=5 (full 0):
 PSYoungGen      total 71680K, used 5108K [0x00000000eab00000, 0x00000000f3900000, 0x0000000100000000)
  eden space 66560K, 0% used [0x00000000eab00000,0x00000000eab00000,0x00000000eec00000)
  from space 5120K, 99% used [0x00000000eec00000,0x00000000ef0fd068,0x00000000ef100000)
  to   space 6144K, 0% used [0x00000000f3300000,0x00000000f3300000,0x00000000f3900000)
 ParOldGen       total 87552K, used 246K [0x00000000c0000000, 0x00000000c5580000, 0x00000000eab00000)
  object space 87552K, 0% used [0x00000000c0000000,0x00000000c003d820,0x00000000c5580000)
 Metaspace       used 15109K, capacity 15286K, committed 15616K, reserved 1062912K
  class space    used 1417K, capacity 1465K, committed 1536K, reserved 1048576K
}
Event: 3.318 GC heap before
{Heap before GC invocations=6 (full 0):
 PSYoungGen      total 71680K, used 71668K [0x00000000eab00000, 0x00000000f3900000, 0x0000000100000000)
  eden space 66560K, 100% used [0x00000000eab00000,0x00000000eec00000,0x00000000eec00000)
  from space 5120K, 99% used [0x00000000eec00000,0x00000000ef0fd068,0x00000000ef100000)
  to   space 6144K, 0% used [0x00000000f3300000,0x00000000f3300000,0x00000000f3900000)
 ParOldGen       total 87552K, used 246K [0x00000000c0000000, 0x00000000c5580000, 0x00000000eab00000)
  object space 87552K, 0% used [0x00000000c0000000,0x00000000c003d820,0x00000000c5580000)
 Metaspace       used 15907K, capacity 16104K, committed 16384K, reserved 1064960K
  class space    used 1460K, capacity 1500K, committed 1536K, reserved 1048576K
Event: 3.330 GC heap after
Heap after GC invocations=6 (full 0):
 PSYoungGen      total 137216K, used 6120K [0x00000000eab00000, 0x00000000f3d00000, 0x0000000100000000)
  eden space 131072K, 0% used [0x00000000eab00000,0x00000000eab00000,0x00000000f2b00000)
  from space 6144K, 99% used [0x00000000f3300000,0x00000000f38fa160,0x00000000f3900000)
  to   space 8192K, 0% used [0x00000000f2b00000,0x00000000f2b00000,0x00000000f3300000)
 ParOldGen       total 87552K, used 2045K [0x00000000c0000000, 0x00000000c5580000, 0x00000000eab00000)
  object space 87552K, 2% used [0x00000000c0000000,0x00000000c01ff660,0x00000000c5580000)
 Metaspace       used 15907K, capacity 16104K, committed 16384K, reserved 1064960K
  class space    used 1460K, capacity 1500K, committed 1536K, reserved 1048576K
}

