# JRE version: Java(TM) SE Runtime Environment (8.0_71-b15) (build 1.8.0_71-b15)
# Java VM: Java HotSpot(TM) 64-Bit Server VM (25.71-b15 mixed mode windows-amd64 compressed oops)
Heap:
 PSYoungGen      total 500224K, used 48955K [0x00000000d5c00000, 0x00000000f5980000, 0x0000000100000000)
  eden space 478720K, 10% used [0x00000000d5c00000,0x00000000d8bced80,0x00000000f2f80000)
  from space 21504K, 0% used [0x00000000f2f80000,0x00000000f2f80000,0x00000000f4480000)
  to   space 10752K, 0% used [0x00000000f4f00000,0x00000000f4f00000,0x00000000f5980000)
 ParOldGen       total 68608K, used 40647K [0x0000000081400000, 0x0000000085700000, 0x00000000d5c00000)
  object space 68608K, 59% used [0x0000000081400000,0x0000000083bb1d28,0x0000000085700000)
 Metaspace       used 36315K, capacity 37238K, committed 37376K, reserved 1083392K
  class space    used 4098K, capacity 4339K, committed 4352K, reserved 1048576K
GC Heap History (10 events):
Event: 9.786 GC heap before
{Heap before GC invocations=13 (full 1):
 PSYoungGen      total 310272K, used 292656K [0x00000000d5c00000, 0x00000000f0100000, 0x0000000100000000)
  eden space 288768K, 100% used [0x00000000d5c00000,0x00000000e7600000,0x00000000e7600000)
  from space 21504K, 18% used [0x00000000e7600000,0x00000000e79cc160,0x00000000e8b00000)
  to   space 22016K, 0% used [0x00000000eeb80000,0x00000000eeb80000,0x00000000f0100000)
 ParOldGen       total 68608K, used 48828K [0x0000000081400000, 0x0000000085700000, 0x00000000d5c00000)
  object space 68608K, 71% used [0x0000000081400000,0x00000000843af040,0x0000000085700000)
 Metaspace       used 29288K, capacity 30114K, committed 30208K, reserved 1075200K
  class space    used 3309K, capacity 3534K, committed 3584K, reserved 1048576K
Event: 9.791 GC heap after
Heap after GC invocations=13 (full 1):
 PSYoungGen      total 394752K, used 4208K [0x00000000d5c00000, 0x00000000efa00000, 0x0000000100000000)
  eden space 379904K, 0% used [0x00000000d5c00000,0x00000000d5c00000,0x00000000ecf00000)
  from space 14848K, 28% used [0x00000000eeb80000,0x00000000eef9c1e0,0x00000000efa00000)
  to   space 22016K, 0% used [0x00000000ecf00000,0x00000000ecf00000,0x00000000ee480000)
 ParOldGen       total 68608K, used 49140K [0x0000000081400000, 0x0000000085700000, 0x00000000d5c00000)
  object space 68608K, 71% used [0x0000000081400000,0x00000000843fd230,0x0000000085700000)
 Metaspace       used 29288K, capacity 30114K, committed 30208K, reserved 1075200K
  class space    used 3309K, capacity 3534K, committed 3584K, reserved 1048576K
}
Event: 10.356 GC heap before
{Heap before GC invocations=14 (full 1):
 PSYoungGen      total 394752K, used 384112K [0x00000000d5c00000, 0x00000000efa00000, 0x0000000100000000)
  eden space 379904K, 100% used [0x00000000d5c00000,0x00000000ecf00000,0x00000000ecf00000)
  from space 14848K, 28% used [0x00000000eeb80000,0x00000000eef9c1e0,0x00000000efa00000)
  to   space 22016K, 0% used [0x00000000ecf00000,0x00000000ecf00000,0x00000000ee480000)
 ParOldGen       total 68608K, used 49154K [0x0000000081400000, 0x0000000085700000, 0x00000000d5c00000)
  object space 68608K, 71% used [0x0000000081400000,0x00000000844009f8,0x0000000085700000)
 Metaspace       used 29356K, capacity 30242K, committed 30464K, reserved 1077248K
  class space    used 3309K, capacity 3534K, committed 3584K, reserved 1048576K
Event: 10.361 GC heap after
Heap after GC invocations=14 (full 1):
 PSYoungGen      total 401920K, used 3872K [0x00000000d5c00000, 0x00000000f6400000, 0x0000000100000000)
  eden space 379904K, 0% used [0x00000000d5c00000,0x00000000d5c00000,0x00000000ecf00000)
  from space 22016K, 17% used [0x00000000ecf00000,0x00000000ed2c8200,0x00000000ee480000)
  to   space 21504K, 0% used [0x00000000f4f00000,0x00000000f4f00000,0x00000000f6400000)
 ParOldGen       total 68608K, used 49362K [0x0000000081400000, 0x0000000085700000, 0x00000000d5c00000)
  object space 68608K, 71% used [0x0000000081400000,0x0000000084434ae8,0x0000000085700000)
 Metaspace       used 29356K, capacity 30242K, committed 30464K, reserved 1077248K
  class space    used 3309K, capacity 3534K, committed 3584K, reserved 1048576K
}
Event: 11.116 GC heap before
{Heap before GC invocations=15 (full 1):
 PSYoungGen      total 401920K, used 383776K [0x00000000d5c00000, 0x00000000f6400000, 0x0000000100000000)
  eden space 379904K, 100% used [0x00000000d5c00000,0x00000000ecf00000,0x00000000ecf00000)
  from space 22016K, 17% used [0x00000000ecf00000,0x00000000ed2c8200,0x00000000ee480000)
  to   space 21504K, 0% used [0x00000000f4f00000,0x00000000f4f00000,0x00000000f6400000)
 ParOldGen       total 68608K, used 49386K [0x0000000081400000, 0x0000000085700000, 0x00000000d5c00000)
  object space 68608K, 71% used [0x0000000081400000,0x000000008443a820,0x0000000085700000)
 Metaspace       used 29689K, capacity 30542K, committed 30720K, reserved 1077248K
  class space    used 3335K, capacity 3574K, committed 3584K, reserved 1048576K
Event: 11.121 GC heap after
Heap after GC invocations=15 (full 1):
 PSYoungGen      total 489472K, used 1531K [0x00000000d5c00000, 0x00000000f5980000, 0x0000000100000000)
  eden space 478720K, 0% used [0x00000000d5c00000,0x00000000d5c00000,0x00000000f2f80000)
  from space 10752K, 14% used [0x00000000f4f00000,0x00000000f507efd8,0x00000000f5980000)
  to   space 21504K, 0% used [0x00000000f2f80000,0x00000000f2f80000,0x00000000f4480000)
 ParOldGen       total 68608K, used 49762K [0x0000000081400000, 0x0000000085700000, 0x00000000d5c00000)
  object space 68608K, 72% used [0x0000000081400000,0x0000000084498a10,0x0000000085700000)
 Metaspace       used 29689K, capacity 30542K, committed 30720K, reserved 1077248K
  class space    used 3335K, capacity 3574K, committed 3584K, reserved 1048576K
}
Event: 13.028 GC heap before
{Heap before GC invocations=16 (full 1):
 PSYoungGen      total 489472K, used 134820K [0x00000000d5c00000, 0x00000000f5980000, 0x0000000100000000)
  eden space 478720K, 27% used [0x00000000d5c00000,0x00000000dde2a1c0,0x00000000f2f80000)
  from space 10752K, 14% used [0x00000000f4f00000,0x00000000f507efd8,0x00000000f5980000)
  to   space 21504K, 0% used [0x00000000f2f80000,0x00000000f2f80000,0x00000000f4480000)
 ParOldGen       total 68608K, used 49762K [0x0000000081400000, 0x0000000085700000, 0x00000000d5c00000)
  object space 68608K, 72% used [0x0000000081400000,0x0000000084498a10,0x0000000085700000)
 Metaspace       used 34413K, capacity 35290K, committed 35496K, reserved 1081344K
  class space    used 3849K, capacity 4108K, committed 4224K, reserved 1048576K
Event: 13.044 GC heap after
Heap after GC invocations=16 (full 1):
 PSYoungGen      total 500224K, used 14281K [0x00000000d5c00000, 0x00000000f5980000, 0x0000000100000000)
  eden space 478720K, 0% used [0x00000000d5c00000,0x00000000d5c00000,0x00000000f2f80000)
  from space 21504K, 66% used [0x00000000f2f80000,0x00000000f3d72488,0x00000000f4480000)
  to   space 10752K, 0% used [0x00000000f4f00000,0x00000000f4f00000,0x00000000f5980000)
 ParOldGen       total 68608K, used 49834K [0x0000000081400000, 0x0000000085700000, 0x00000000d5c00000)
  object space 68608K, 72% used [0x0000000081400000,0x00000000844aaa20,0x0000000085700000)
 Metaspace       used 34413K, capacity 35290K, committed 35496K, reserved 1081344K
  class space    used 3849K, capacity 4108K, committed 4224K, reserved 1048576K
}
Event: 13.044 GC heap before
{Heap before GC invocations=17 (full 2):
 PSYoungGen      total 500224K, used 14281K [0x00000000d5c00000, 0x00000000f5980000, 0x0000000100000000)
  eden space 478720K, 0% used [0x00000000d5c00000,0x00000000d5c00000,0x00000000f2f80000)
  from space 21504K, 66% used [0x00000000f2f80000,0x00000000f3d72488,0x00000000f4480000)
  to   space 10752K, 0% used [0x00000000f4f00000,0x00000000f4f00000,0x00000000f5980000)
 ParOldGen       total 68608K, used 49834K [0x0000000081400000, 0x0000000085700000, 0x00000000d5c00000)
  object space 68608K, 72% used [0x0000000081400000,0x00000000844aaa20,0x0000000085700000)
 Metaspace       used 34413K, capacity 35290K, committed 35496K, reserved 1081344K
  class space    used 3849K, capacity 4108K, committed 4224K, reserved 1048576K
Event: 13.128 GC heap after
Heap after GC invocations=17 (full 2):
 PSYoungGen      total 500224K, used 0K [0x00000000d5c00000, 0x00000000f5980000, 0x0000000100000000)
  eden space 478720K, 0% used [0x00000000d5c00000,0x00000000d5c00000,0x00000000f2f80000)
  from space 21504K, 0% used [0x00000000f2f80000,0x00000000f2f80000,0x00000000f4480000)
  to   space 10752K, 0% used [0x00000000f4f00000,0x00000000f4f00000,0x00000000f5980000)
 ParOldGen       total 68608K, used 40647K [0x0000000081400000, 0x0000000085700000, 0x00000000d5c00000)
  object space 68608K, 59% used [0x0000000081400000,0x0000000083bb1d28,0x0000000085700000)
 Metaspace       used 34413K, capacity 35290K, committed 35496K, reserved 1081344K
  class space    used 3849K, capacity 4108K, committed 4224K, reserved 1048576K
}

