# JRE version: Java(TM) SE Runtime Environment (8.0_71-b15) (build 1.8.0_71-b15)
# Java VM: Java HotSpot(TM) 64-Bit Server VM (25.71-b15 mixed mode windows-amd64 compressed oops)
Heap:
 PSYoungGen      total 441344K, used 54628K [0x00000000d5c00000, 0x00000000f2980000, 0x0000000100000000)
  eden space 428544K, 12% used [0x00000000d5c00000,0x00000000d9159058,0x00000000efe80000)
  from space 12800K, 0% used [0x00000000f1d00000,0x00000000f1d00000,0x00000000f2980000)
  to   space 22016K, 0% used [0x00000000efe80000,0x00000000efe80000,0x00000000f1400000)
 ParOldGen       total 114176K, used 41205K [0x0000000081400000, 0x0000000088380000, 0x00000000d5c00000)
  object space 114176K, 36% used [0x0000000081400000,0x0000000083c3d780,0x0000000088380000)
 Metaspace       used 36331K, capacity 37302K, committed 37376K, reserved 1083392K
  class space    used 4099K, capacity 4339K, committed 4352K, reserved 1048576K
GC Heap History (10 events):
Event: 10.743 GC heap before
{Heap before GC invocations=12 (full 1):
 PSYoungGen      total 338432K, used 326896K [0x00000000d5c00000, 0x00000000ee100000, 0x0000000100000000)
  eden space 315904K, 100% used [0x00000000d5c00000,0x00000000e9080000,0x00000000e9080000)
  from space 22528K, 48% used [0x00000000ea580000,0x00000000eb03c170,0x00000000ebb80000)
  to   space 21504K, 0% used [0x00000000e9080000,0x00000000e9080000,0x00000000ea580000)
 ParOldGen       total 65536K, used 41667K [0x0000000081400000, 0x0000000085400000, 0x00000000d5c00000)
  object space 65536K, 63% used [0x0000000081400000,0x0000000083cb0fd0,0x0000000085400000)
 Metaspace       used 29303K, capacity 30114K, committed 30208K, reserved 1075200K
  class space    used 3306K, capacity 3534K, committed 3584K, reserved 1048576K
Event: 10.759 GC heap after
Heap after GC invocations=12 (full 1):
 PSYoungGen      total 337408K, used 4080K [0x00000000d5c00000, 0x00000000f3280000, 0x0000000100000000)
  eden space 315904K, 0% used [0x00000000d5c00000,0x00000000d5c00000,0x00000000e9080000)
  from space 21504K, 18% used [0x00000000e9080000,0x00000000e947c1a0,0x00000000ea580000)
  to   space 22016K, 0% used [0x00000000f1d00000,0x00000000f1d00000,0x00000000f3280000)
 ParOldGen       total 65536K, used 48624K [0x0000000081400000, 0x0000000085400000, 0x00000000d5c00000)
  object space 65536K, 74% used [0x0000000081400000,0x000000008437c3f8,0x0000000085400000)
 Metaspace       used 29303K, capacity 30114K, committed 30208K, reserved 1075200K
  class space    used 3306K, capacity 3534K, committed 3584K, reserved 1048576K
}
Event: 11.322 GC heap before
{Heap before GC invocations=13 (full 1):
 PSYoungGen      total 337408K, used 319984K [0x00000000d5c00000, 0x00000000f3280000, 0x0000000100000000)
  eden space 315904K, 100% used [0x00000000d5c00000,0x00000000e9080000,0x00000000e9080000)
  from space 21504K, 18% used [0x00000000e9080000,0x00000000e947c1a0,0x00000000ea580000)
  to   space 22016K, 0% used [0x00000000f1d00000,0x00000000f1d00000,0x00000000f3280000)
 ParOldGen       total 65536K, used 48732K [0x0000000081400000, 0x0000000085400000, 0x00000000d5c00000)
  object space 65536K, 74% used [0x0000000081400000,0x00000000843973b8,0x0000000085400000)
 Metaspace       used 29329K, capacity 30178K, committed 30464K, reserved 1077248K
  class space    used 3307K, capacity 3534K, committed 3584K, reserved 1048576K
Event: 11.326 GC heap after
Heap after GC invocations=13 (full 1):
 PSYoungGen      total 441344K, used 3584K [0x00000000d5c00000, 0x00000000f2980000, 0x0000000100000000)
  eden space 428544K, 0% used [0x00000000d5c00000,0x00000000d5c00000,0x00000000efe80000)
  from space 12800K, 28% used [0x00000000f1d00000,0x00000000f2080200,0x00000000f2980000)
  to   space 22016K, 0% used [0x00000000efe80000,0x00000000efe80000,0x00000000f1400000)
 ParOldGen       total 65536K, used 49277K [0x0000000081400000, 0x0000000085400000, 0x00000000d5c00000)
  object space 65536K, 75% used [0x0000000081400000,0x000000008441f5d8,0x0000000085400000)
 Metaspace       used 29329K, capacity 30178K, committed 30464K, reserved 1077248K
  class space    used 3307K, capacity 3534K, committed 3584K, reserved 1048576K
}
Event: 12.008 GC heap before
{Heap before GC invocations=14 (full 1):
 PSYoungGen      total 441344K, used 432128K [0x00000000d5c00000, 0x00000000f2980000, 0x0000000100000000)
  eden space 428544K, 100% used [0x00000000d5c00000,0x00000000efe80000,0x00000000efe80000)
  from space 12800K, 28% used [0x00000000f1d00000,0x00000000f2080200,0x00000000f2980000)
  to   space 22016K, 0% used [0x00000000efe80000,0x00000000efe80000,0x00000000f1400000)
 ParOldGen       total 65536K, used 49283K [0x0000000081400000, 0x0000000085400000, 0x00000000d5c00000)
  object space 65536K, 75% used [0x0000000081400000,0x0000000084420d18,0x0000000085400000)
 Metaspace       used 29385K, capacity 30242K, committed 30464K, reserved 1077248K
  class space    used 3307K, capacity 3534K, committed 3584K, reserved 1048576K
Event: 12.014 GC heap after
Heap after GC invocations=14 (full 1):
 PSYoungGen      total 450560K, used 4912K [0x00000000d5c00000, 0x00000000f2980000, 0x0000000100000000)
  eden space 428544K, 0% used [0x00000000d5c00000,0x00000000d5c00000,0x00000000efe80000)
  from space 22016K, 22% used [0x00000000efe80000,0x00000000f034c1a0,0x00000000f1400000)
  to   space 12800K, 0% used [0x00000000f1d00000,0x00000000f1d00000,0x00000000f2980000)
 ParOldGen       total 65536K, used 49523K [0x0000000081400000, 0x0000000085400000, 0x00000000d5c00000)
  object space 65536K, 75% used [0x0000000081400000,0x000000008445ce48,0x0000000085400000)
 Metaspace       used 29385K, capacity 30242K, committed 30464K, reserved 1077248K
  class space    used 3307K, capacity 3534K, committed 3584K, reserved 1048576K
}
Event: 14.567 GC heap before
{Heap before GC invocations=15 (full 1):
 PSYoungGen      total 450560K, used 407575K [0x00000000d5c00000, 0x00000000f2980000, 0x0000000100000000)
  eden space 428544K, 93% used [0x00000000d5c00000,0x00000000ee539dd8,0x00000000efe80000)
  from space 22016K, 22% used [0x00000000efe80000,0x00000000f034c1a0,0x00000000f1400000)
  to   space 12800K, 0% used [0x00000000f1d00000,0x00000000f1d00000,0x00000000f2980000)
 ParOldGen       total 65536K, used 49523K [0x0000000081400000, 0x0000000085400000, 0x00000000d5c00000)
  object space 65536K, 75% used [0x0000000081400000,0x000000008445ce48,0x0000000085400000)
 Metaspace       used 34401K, capacity 35278K, committed 35456K, reserved 1081344K
  class space    used 3847K, capacity 4106K, committed 4224K, reserved 1048576K
Event: 14.586 GC heap after
Heap after GC invocations=15 (full 1):
 PSYoungGen      total 441344K, used 12775K [0x00000000d5c00000, 0x00000000f2980000, 0x0000000100000000)
  eden space 428544K, 0% used [0x00000000d5c00000,0x00000000d5c00000,0x00000000efe80000)
  from space 12800K, 99% used [0x00000000f1d00000,0x00000000f2979d80,0x00000000f2980000)
  to   space 22016K, 0% used [0x00000000efe80000,0x00000000efe80000,0x00000000f1400000)
 ParOldGen       total 65536K, used 51541K [0x0000000081400000, 0x0000000085400000, 0x00000000d5c00000)
  object space 65536K, 78% used [0x0000000081400000,0x00000000846556a0,0x0000000085400000)
 Metaspace       used 34401K, capacity 35278K, committed 35456K, reserved 1081344K
  class space    used 3847K, capacity 4106K, committed 4224K, reserved 1048576K
}
Event: 14.586 GC heap before
{Heap before GC invocations=16 (full 2):
 PSYoungGen      total 441344K, used 12775K [0x00000000d5c00000, 0x00000000f2980000, 0x0000000100000000)
  eden space 428544K, 0% used [0x00000000d5c00000,0x00000000d5c00000,0x00000000efe80000)
  from space 12800K, 99% used [0x00000000f1d00000,0x00000000f2979d80,0x00000000f2980000)
  to   space 22016K, 0% used [0x00000000efe80000,0x00000000efe80000,0x00000000f1400000)
 ParOldGen       total 65536K, used 51541K [0x0000000081400000, 0x0000000085400000, 0x00000000d5c00000)
  object space 65536K, 78% used [0x0000000081400000,0x00000000846556a0,0x0000000085400000)
 Metaspace       used 34401K, capacity 35278K, committed 35456K, reserved 1081344K
  class space    used 3847K, capacity 4106K, committed 4224K, reserved 1048576K
Event: 14.691 GC heap after
Heap after GC invocations=16 (full 2):
 PSYoungGen      total 441344K, used 0K [0x00000000d5c00000, 0x00000000f2980000, 0x0000000100000000)
  eden space 428544K, 0% used [0x00000000d5c00000,0x00000000d5c00000,0x00000000efe80000)
  from space 12800K, 0% used [0x00000000f1d00000,0x00000000f1d00000,0x00000000f2980000)
  to   space 22016K, 0% used [0x00000000efe80000,0x00000000efe80000,0x00000000f1400000)
 ParOldGen       total 114176K, used 41205K [0x0000000081400000, 0x0000000088380000, 0x00000000d5c00000)
  object space 114176K, 36% used [0x0000000081400000,0x0000000083c3d780,0x0000000088380000)
 Metaspace       used 34401K, capacity 35278K, committed 35456K, reserved 1081344K
  class space    used 3847K, capacity 4106K, committed 4224K, reserved 1048576K
}

