# JRE version: Java(TM) SE Runtime Environment (8.0_71-b15) (build 1.8.0_71-b15)
# Java VM: Java HotSpot(TM) 64-Bit Server VM (25.71-b15 mixed mode windows-amd64 compressed oops)
Heap:
 PSYoungGen      total 545280K, used 97215K [0x00000000d5c00000, 0x00000000f9400000, 0x0000000100000000)
  eden space 529408K, 18% used [0x00000000d5c00000,0x00000000dbaefff8,0x00000000f6100000)
  from space 15872K, 0% used [0x00000000f8480000,0x00000000f8480000,0x00000000f9400000)
  to   space 26112K, 0% used [0x00000000f6100000,0x00000000f6100000,0x00000000f7a80000)
 ParOldGen       total 76800K, used 40759K [0x0000000081400000, 0x0000000085f00000, 0x00000000d5c00000)
  object space 76800K, 53% used [0x0000000081400000,0x0000000083bcde38,0x0000000085f00000)
 Metaspace       used 36653K, capacity 37642K, committed 38016K, reserved 1083392K
  class space    used 4127K, capacity 4406K, committed 4480K, reserved 1048576K
GC Heap History (10 events):
Event: 13.082 GC heap before
{Heap before GC invocations=10 (full 1):
 PSYoungGen      total 317952K, used 313740K [0x00000000d5c00000, 0x00000000f1980000, 0x0000000100000000)
  eden space 292864K, 100% used [0x00000000d5c00000,0x00000000e7a00000,0x00000000e7a00000)
  from space 25088K, 83% used [0x00000000e9480000,0x00000000ea8e3248,0x00000000ead00000)
  to   space 27136K, 0% used [0x00000000e7a00000,0x00000000e7a00000,0x00000000e9480000)
 ParOldGen       total 76800K, used 30700K [0x0000000081400000, 0x0000000085f00000, 0x00000000d5c00000)
  object space 76800K, 39% used [0x0000000081400000,0x00000000831fb1d8,0x0000000085f00000)
 Metaspace       used 29157K, capacity 30050K, committed 30208K, reserved 1075200K
  class space    used 3303K, capacity 3534K, committed 3584K, reserved 1048576K
Event: 13.109 GC heap after
Heap after GC invocations=10 (full 1):
 PSYoungGen      total 320000K, used 9664K [0x00000000d5c00000, 0x00000000f1400000, 0x0000000100000000)
  eden space 292864K, 0% used [0x00000000d5c00000,0x00000000d5c00000,0x00000000e7a00000)
  from space 27136K, 35% used [0x00000000e7a00000,0x00000000e8370180,0x00000000e9480000)
  to   space 26112K, 0% used [0x00000000efa80000,0x00000000efa80000,0x00000000f1400000)
 ParOldGen       total 76800K, used 41247K [0x0000000081400000, 0x0000000085f00000, 0x00000000d5c00000)
  object space 76800K, 53% used [0x0000000081400000,0x0000000083c47c58,0x0000000085f00000)
 Metaspace       used 29157K, capacity 30050K, committed 30208K, reserved 1075200K
  class space    used 3303K, capacity 3534K, committed 3584K, reserved 1048576K
}
Event: 13.704 GC heap before
{Heap before GC invocations=11 (full 1):
 PSYoungGen      total 320000K, used 302528K [0x00000000d5c00000, 0x00000000f1400000, 0x0000000100000000)
  eden space 292864K, 100% used [0x00000000d5c00000,0x00000000e7a00000,0x00000000e7a00000)
  from space 27136K, 35% used [0x00000000e7a00000,0x00000000e8370180,0x00000000e9480000)
  to   space 26112K, 0% used [0x00000000efa80000,0x00000000efa80000,0x00000000f1400000)
 ParOldGen       total 76800K, used 41278K [0x0000000081400000, 0x0000000085f00000, 0x00000000d5c00000)
  object space 76800K, 53% used [0x0000000081400000,0x0000000083c4fa20,0x0000000085f00000)
 Metaspace       used 29178K, capacity 30050K, committed 30208K, reserved 1075200K
  class space    used 3303K, capacity 3534K, committed 3584K, reserved 1048576K
Event: 13.725 GC heap after
Heap after GC invocations=11 (full 1):
 PSYoungGen      total 423936K, used 3504K [0x00000000d5c00000, 0x00000000f1900000, 0x0000000100000000)
  eden space 397824K, 0% used [0x00000000d5c00000,0x00000000d5c00000,0x00000000ee080000)
  from space 26112K, 13% used [0x00000000efa80000,0x00000000efdec1e0,0x00000000f1400000)
  to   space 26624K, 0% used [0x00000000ee080000,0x00000000ee080000,0x00000000efa80000)
 ParOldGen       total 76800K, used 47004K [0x0000000081400000, 0x0000000085f00000, 0x00000000d5c00000)
  object space 76800K, 61% used [0x0000000081400000,0x00000000841e7240,0x0000000085f00000)
 Metaspace       used 29178K, capacity 30050K, committed 30208K, reserved 1075200K
  class space    used 3303K, capacity 3534K, committed 3584K, reserved 1048576K
}
Event: 14.629 GC heap before
{Heap before GC invocations=12 (full 1):
 PSYoungGen      total 423936K, used 401328K [0x00000000d5c00000, 0x00000000f1900000, 0x0000000100000000)
  eden space 397824K, 100% used [0x00000000d5c00000,0x00000000ee080000,0x00000000ee080000)
  from space 26112K, 13% used [0x00000000efa80000,0x00000000efdec1e0,0x00000000f1400000)
  to   space 26624K, 0% used [0x00000000ee080000,0x00000000ee080000,0x00000000efa80000)
 ParOldGen       total 76800K, used 47203K [0x0000000081400000, 0x0000000085f00000, 0x00000000d5c00000)
  object space 76800K, 61% used [0x0000000081400000,0x0000000084218fa8,0x0000000085f00000)
 Metaspace       used 29280K, capacity 30178K, committed 30464K, reserved 1077248K
  class space    used 3303K, capacity 3534K, committed 3584K, reserved 1048576K
Event: 14.642 GC heap after
Heap after GC invocations=12 (full 1):
 PSYoungGen      total 424448K, used 3984K [0x00000000d5c00000, 0x00000000f9e80000, 0x0000000100000000)
  eden space 397824K, 0% used [0x00000000d5c00000,0x00000000d5c00000,0x00000000ee080000)
  from space 26624K, 14% used [0x00000000ee080000,0x00000000ee4641d0,0x00000000efa80000)
  to   space 26624K, 0% used [0x00000000f8480000,0x00000000f8480000,0x00000000f9e80000)
 ParOldGen       total 76800K, used 47804K [0x0000000081400000, 0x0000000085f00000, 0x00000000d5c00000)
  object space 76800K, 62% used [0x0000000081400000,0x00000000842af288,0x0000000085f00000)
 Metaspace       used 29280K, capacity 30178K, committed 30464K, reserved 1077248K
  class space    used 3303K, capacity 3534K, committed 3584K, reserved 1048576K
}
Event: 17.372 GC heap before
{Heap before GC invocations=13 (full 1):
 PSYoungGen      total 424448K, used 217103K [0x00000000d5c00000, 0x00000000f9e80000, 0x0000000100000000)
  eden space 397824K, 53% used [0x00000000d5c00000,0x00000000e2c1fc58,0x00000000ee080000)
  from space 26624K, 14% used [0x00000000ee080000,0x00000000ee4641d0,0x00000000efa80000)
  to   space 26624K, 0% used [0x00000000f8480000,0x00000000f8480000,0x00000000f9e80000)
 ParOldGen       total 76800K, used 47804K [0x0000000081400000, 0x0000000085f00000, 0x00000000d5c00000)
  object space 76800K, 62% used [0x0000000081400000,0x00000000842af288,0x0000000085f00000)
 Metaspace       used 34325K, capacity 35220K, committed 35496K, reserved 1081344K
  class space    used 3846K, capacity 4107K, committed 4224K, reserved 1048576K
Event: 17.397 GC heap after
Heap after GC invocations=13 (full 1):
 PSYoungGen      total 545280K, used 14155K [0x00000000d5c00000, 0x00000000f9400000, 0x0000000100000000)
  eden space 529408K, 0% used [0x00000000d5c00000,0x00000000d5c00000,0x00000000f6100000)
  from space 15872K, 89% used [0x00000000f8480000,0x00000000f9252f50,0x00000000f9400000)
  to   space 26112K, 0% used [0x00000000f6100000,0x00000000f6100000,0x00000000f7a80000)
 ParOldGen       total 76800K, used 48237K [0x0000000081400000, 0x0000000085f00000, 0x00000000d5c00000)
  object space 76800K, 62% used [0x0000000081400000,0x000000008431b488,0x0000000085f00000)
 Metaspace       used 34325K, capacity 35220K, committed 35496K, reserved 1081344K
  class space    used 3846K, capacity 4107K, committed 4224K, reserved 1048576K
}
Event: 17.397 GC heap before
{Heap before GC invocations=14 (full 2):
 PSYoungGen      total 545280K, used 14155K [0x00000000d5c00000, 0x00000000f9400000, 0x0000000100000000)
  eden space 529408K, 0% used [0x00000000d5c00000,0x00000000d5c00000,0x00000000f6100000)
  from space 15872K, 89% used [0x00000000f8480000,0x00000000f9252f50,0x00000000f9400000)
  to   space 26112K, 0% used [0x00000000f6100000,0x00000000f6100000,0x00000000f7a80000)
 ParOldGen       total 76800K, used 48237K [0x0000000081400000, 0x0000000085f00000, 0x00000000d5c00000)
  object space 76800K, 62% used [0x0000000081400000,0x000000008431b488,0x0000000085f00000)
 Metaspace       used 34325K, capacity 35220K, committed 35496K, reserved 1081344K
  class space    used 3846K, capacity 4107K, committed 4224K, reserved 1048576K
Event: 17.522 GC heap after
Heap after GC invocations=14 (full 2):
 PSYoungGen      total 545280K, used 0K [0x00000000d5c00000, 0x00000000f9400000, 0x0000000100000000)
  eden space 529408K, 0% used [0x00000000d5c00000,0x00000000d5c00000,0x00000000f6100000)
  from space 15872K, 0% used [0x00000000f8480000,0x00000000f8480000,0x00000000f9400000)
  to   space 26112K, 0% used [0x00000000f6100000,0x00000000f6100000,0x00000000f7a80000)
 ParOldGen       total 76800K, used 40759K [0x0000000081400000, 0x0000000085f00000, 0x00000000d5c00000)
  object space 76800K, 53% used [0x0000000081400000,0x0000000083bcde38,0x0000000085f00000)
 Metaspace       used 34325K, capacity 35220K, committed 35496K, reserved 1081344K
  class space    used 3846K, capacity 4107K, committed 4224K, reserved 1048576K
}

