# JRE version: Java(TM) SE Runtime Environment (8.0_71-b15) (build 1.8.0_71-b15)
# Java VM: Java HotSpot(TM) 64-Bit Server VM (25.71-b15 mixed mode windows-amd64 compressed oops)
Heap:
 PSYoungGen      total 543744K, used 36967K [0x00000000d5c00000, 0x0000000100000000, 0x0000000100000000)
  eden space 522752K, 7% used [0x00000000d5c00000,0x00000000d8019ff8,0x00000000f5a80000)
  from space 20992K, 0% used [0x00000000f5a80000,0x00000000f5a80000,0x00000000f6f00000)
  to   space 20480K, 0% used [0x00000000fec00000,0x00000000fec00000,0x0000000100000000)
 ParOldGen       total 111616K, used 33897K [0x0000000081400000, 0x0000000088100000, 0x00000000d5c00000)
  object space 111616K, 30% used [0x0000000081400000,0x000000008351a470,0x0000000088100000)
 Metaspace       used 35491K, capacity 36370K, committed 36568K, reserved 1081344K
  class space    used 4003K, capacity 4268K, committed 4352K, reserved 1048576K
GC Heap History (10 events):
Event: 9.799 GC heap before
{Heap before GC invocations=13 (full 1):
 PSYoungGen      total 326144K, used 306992K [0x00000000d5c00000, 0x00000000f1b80000, 0x0000000100000000)
  eden space 304128K, 100% used [0x00000000d5c00000,0x00000000e8500000,0x00000000e8500000)
  from space 22016K, 13% used [0x00000000e8500000,0x00000000e87cc0e0,0x00000000e9a80000)
  to   space 22528K, 0% used [0x00000000f0580000,0x00000000f0580000,0x00000000f1b80000)
 ParOldGen       total 67072K, used 51478K [0x0000000081400000, 0x0000000085580000, 0x00000000d5c00000)
  object space 67072K, 76% used [0x0000000081400000,0x0000000084645b18,0x0000000085580000)
 Metaspace       used 29249K, capacity 29986K, committed 30208K, reserved 1075200K
  class space    used 3310K, capacity 3534K, committed 3584K, reserved 1048576K
Event: 9.804 GC heap after
Heap after GC invocations=13 (full 1):
 PSYoungGen      total 419328K, used 4288K [0x00000000d5c00000, 0x00000000f1300000, 0x0000000100000000)
  eden space 405504K, 0% used [0x00000000d5c00000,0x00000000d5c00000,0x00000000ee800000)
  from space 13824K, 31% used [0x00000000f0580000,0x00000000f09b0180,0x00000000f1300000)
  to   space 22016K, 0% used [0x00000000ee800000,0x00000000ee800000,0x00000000efd80000)
 ParOldGen       total 67072K, used 51775K [0x0000000081400000, 0x0000000085580000, 0x00000000d5c00000)
  object space 67072K, 77% used [0x0000000081400000,0x000000008468fce8,0x0000000085580000)
 Metaspace       used 29249K, capacity 29986K, committed 30208K, reserved 1075200K
  class space    used 3310K, capacity 3534K, committed 3584K, reserved 1048576K
}
Event: 10.420 GC heap before
{Heap before GC invocations=14 (full 1):
 PSYoungGen      total 419328K, used 409792K [0x00000000d5c00000, 0x00000000f1300000, 0x0000000100000000)
  eden space 405504K, 100% used [0x00000000d5c00000,0x00000000ee800000,0x00000000ee800000)
  from space 13824K, 31% used [0x00000000f0580000,0x00000000f09b0180,0x00000000f1300000)
  to   space 22016K, 0% used [0x00000000ee800000,0x00000000ee800000,0x00000000efd80000)
 ParOldGen       total 67072K, used 51782K [0x0000000081400000, 0x0000000085580000, 0x00000000d5c00000)
  object space 67072K, 77% used [0x0000000081400000,0x0000000084691878,0x0000000085580000)
 Metaspace       used 29321K, capacity 30114K, committed 30208K, reserved 1075200K
  class space    used 3310K, capacity 3534K, committed 3584K, reserved 1048576K
Event: 10.426 GC heap after
Heap after GC invocations=14 (full 1):
 PSYoungGen      total 427520K, used 4352K [0x00000000d5c00000, 0x00000000f8e00000, 0x0000000100000000)
  eden space 405504K, 0% used [0x00000000d5c00000,0x00000000d5c00000,0x00000000ee800000)
  from space 22016K, 19% used [0x00000000ee800000,0x00000000eec401c0,0x00000000efd80000)
  to   space 22016K, 0% used [0x00000000f7880000,0x00000000f7880000,0x00000000f8e00000)
 ParOldGen       total 67072K, used 51934K [0x0000000081400000, 0x0000000085580000, 0x00000000d5c00000)
  object space 67072K, 77% used [0x0000000081400000,0x00000000846b7948,0x0000000085580000)
 Metaspace       used 29321K, capacity 30114K, committed 30208K, reserved 1075200K
  class space    used 3310K, capacity 3534K, committed 3584K, reserved 1048576K
}
Event: 11.692 GC heap before
{Heap before GC invocations=15 (full 1):
 PSYoungGen      total 427520K, used 409856K [0x00000000d5c00000, 0x00000000f8e00000, 0x0000000100000000)
  eden space 405504K, 100% used [0x00000000d5c00000,0x00000000ee800000,0x00000000ee800000)
  from space 22016K, 19% used [0x00000000ee800000,0x00000000eec401c0,0x00000000efd80000)
  to   space 22016K, 0% used [0x00000000f7880000,0x00000000f7880000,0x00000000f8e00000)
 ParOldGen       total 67072K, used 51937K [0x0000000081400000, 0x0000000085580000, 0x00000000d5c00000)
  object space 67072K, 77% used [0x0000000081400000,0x00000000846b8418,0x0000000085580000)
 Metaspace       used 30122K, capacity 30976K, committed 31360K, reserved 1077248K
  class space    used 3365K, capacity 3609K, committed 3712K, reserved 1048576K
Event: 11.702 GC heap after
Heap after GC invocations=15 (full 1):
 PSYoungGen      total 534016K, used 9040K [0x00000000d5c00000, 0x00000000f8380000, 0x0000000100000000)
  eden space 522752K, 0% used [0x00000000d5c00000,0x00000000d5c00000,0x00000000f5a80000)
  from space 11264K, 80% used [0x00000000f7880000,0x00000000f81542d8,0x00000000f8380000)
  to   space 20992K, 0% used [0x00000000f5a80000,0x00000000f5a80000,0x00000000f6f00000)
 ParOldGen       total 67072K, used 52265K [0x0000000081400000, 0x0000000085580000, 0x00000000d5c00000)
  object space 67072K, 77% used [0x0000000081400000,0x000000008470a5d8,0x0000000085580000)
 Metaspace       used 30122K, capacity 30976K, committed 31360K, reserved 1077248K
  class space    used 3365K, capacity 3609K, committed 3712K, reserved 1048576K
}
Event: 12.952 GC heap before
{Heap before GC invocations=16 (full 1):
 PSYoungGen      total 534016K, used 63499K [0x00000000d5c00000, 0x00000000f8380000, 0x0000000100000000)
  eden space 522752K, 10% used [0x00000000d5c00000,0x00000000d912eb00,0x00000000f5a80000)
  from space 11264K, 80% used [0x00000000f7880000,0x00000000f81542d8,0x00000000f8380000)
  to   space 20992K, 0% used [0x00000000f5a80000,0x00000000f5a80000,0x00000000f6f00000)
 ParOldGen       total 67072K, used 52265K [0x0000000081400000, 0x0000000085580000, 0x00000000d5c00000)
  object space 67072K, 77% used [0x0000000081400000,0x000000008470a5d8,0x0000000085580000)
 Metaspace       used 34415K, capacity 35226K, committed 35416K, reserved 1081344K
  class space    used 3850K, capacity 4108K, committed 4224K, reserved 1048576K
Event: 12.960 GC heap after
Heap after GC invocations=16 (full 1):
 PSYoungGen      total 543744K, used 5855K [0x00000000d5c00000, 0x0000000100000000, 0x0000000100000000)
  eden space 522752K, 0% used [0x00000000d5c00000,0x00000000d5c00000,0x00000000f5a80000)
  from space 20992K, 27% used [0x00000000f5a80000,0x00000000f6037cc8,0x00000000f6f00000)
  to   space 20480K, 0% used [0x00000000fec00000,0x00000000fec00000,0x0000000100000000)
 ParOldGen       total 67072K, used 53481K [0x0000000081400000, 0x0000000085580000, 0x00000000d5c00000)
  object space 67072K, 79% used [0x0000000081400000,0x000000008483a798,0x0000000085580000)
 Metaspace       used 34415K, capacity 35226K, committed 35416K, reserved 1081344K
  class space    used 3850K, capacity 4108K, committed 4224K, reserved 1048576K
}
Event: 12.960 GC heap before
{Heap before GC invocations=17 (full 2):
 PSYoungGen      total 543744K, used 5855K [0x00000000d5c00000, 0x0000000100000000, 0x0000000100000000)
  eden space 522752K, 0% used [0x00000000d5c00000,0x00000000d5c00000,0x00000000f5a80000)
  from space 20992K, 27% used [0x00000000f5a80000,0x00000000f6037cc8,0x00000000f6f00000)
  to   space 20480K, 0% used [0x00000000fec00000,0x00000000fec00000,0x0000000100000000)
 ParOldGen       total 67072K, used 53481K [0x0000000081400000, 0x0000000085580000, 0x00000000d5c00000)
  object space 67072K, 79% used [0x0000000081400000,0x000000008483a798,0x0000000085580000)
 Metaspace       used 34415K, capacity 35226K, committed 35416K, reserved 1081344K
  class space    used 3850K, capacity 4108K, committed 4224K, reserved 1048576K
Event: 13.059 GC heap after
Heap after GC invocations=17 (full 2):
 PSYoungGen      total 543744K, used 0K [0x00000000d5c00000, 0x0000000100000000, 0x0000000100000000)
  eden space 522752K, 0% used [0x00000000d5c00000,0x00000000d5c00000,0x00000000f5a80000)
  from space 20992K, 0% used [0x00000000f5a80000,0x00000000f5a80000,0x00000000f6f00000)
  to   space 20480K, 0% used [0x00000000fec00000,0x00000000fec00000,0x0000000100000000)
 ParOldGen       total 111616K, used 33897K [0x0000000081400000, 0x0000000088100000, 0x00000000d5c00000)
  object space 111616K, 30% used [0x0000000081400000,0x000000008351a470,0x0000000088100000)
 Metaspace       used 34415K, capacity 35226K, committed 35416K, reserved 1081344K
  class space    used 3850K, capacity 4108K, committed 4224K, reserved 1048576K
}

